<?xml version="1.0" encoding="UTF-8"?>
<!-- Generated by org.testng.reporters.JUnitXMLReporter -->
<testsuite ignored="0" hostname="Ananth_cool" failures="0" tests="6" name="Command line test" time="0.195" errors="0" timestamp="2021-12-10T12:08:30 IST">
  <testcase classname="mavenananth.AppiumTest" name="IOSApps" time="0.017"/>
  <testcase classname="mavenananth.AppiumTest" name="NativeAppAndroid" time="0.001"/>
  <testcase classname="mavenananth.RESTAPiTest" name="deleteTwitter" time="0.001"/>
  <testcase classname="mavenananth.RESTAPiTest" name="postjira" time="0.0"/>
  <testcase classname="mavenananth.SeleniumTest" name="BrowserAutomation" time="0.001"/>
  <testcase classname="mavenananth.SeleniumTest" name="elementsUi" time="0.002"/>
</testsuite> <!-- Command line test -->
