<?xml version="1.0" encoding="UTF-8"?>
<!-- Generated by org.testng.reporters.JUnitXMLReporter -->
<testsuite ignored="0" hostname="Ananth_cool" failures="0" tests="6" name="Test" time="0.172" errors="0" timestamp="2021-12-11T09:46:42 IST">
  <testcase classname="mavenananth.RESTAPiTest" name="deleteTwitter" time="0.0"/>
  <testcase classname="mavenananth.RESTAPiTest" name="postjira" time="0.0"/>
  <testcase classname="mavenananth.SeleniumTest" name="BrowserAutomation" time="0.016"/>
  <testcase classname="mavenananth.SeleniumTest" name="elementsUi" time="0.0"/>
  <testcase classname="mavenananth.AppiumTest" name="IOSApps" time="0.0"/>
  <testcase classname="mavenananth.AppiumTest" name="NativeAppAndroid" time="0.0"/>
</testsuite> <!-- Test -->
