<?xml version="1.0" encoding="UTF-8"?>
<testng-results ignored="0" total="6" passed="6" failed="0" skipped="0">
  <reporter-output>
  </reporter-output>
  <suite started-at="2021-12-11T09:46:41 IST" name="Suite" finished-at="2021-12-11T09:46:42 IST" duration-ms="172">
    <groups>
    </groups>
    <test started-at="2021-12-11T09:46:41 IST" name="Test" finished-at="2021-12-11T09:46:42 IST" duration-ms="172">
      <class name="mavenananth.SeleniumTest">
        <test-method signature="BrowserAutomation()[pri:0, instance:mavenananth.SeleniumTest@4bb33f74]" started-at="2021-12-11T09:46:42 IST" name="BrowserAutomation" finished-at="2021-12-11T09:46:42 IST" duration-ms="16" status="PASS">
          <reporter-output>
          </reporter-output>
        </test-method> <!-- BrowserAutomation -->
        <test-method signature="elementsUi()[pri:0, instance:mavenananth.SeleniumTest@4bb33f74]" started-at="2021-12-11T09:46:42 IST" name="elementsUi" finished-at="2021-12-11T09:46:42 IST" duration-ms="0" status="PASS">
          <reporter-output>
          </reporter-output>
        </test-method> <!-- elementsUi -->
      </class> <!-- mavenananth.SeleniumTest -->
      <class name="mavenananth.RESTAPiTest">
        <test-method signature="deleteTwitter()[pri:0, instance:mavenananth.RESTAPiTest@20f5239f]" started-at="2021-12-11T09:46:42 IST" name="deleteTwitter" finished-at="2021-12-11T09:46:42 IST" duration-ms="0" status="PASS">
          <reporter-output>
          </reporter-output>
        </test-method> <!-- deleteTwitter -->
        <test-method signature="postjira()[pri:0, instance:mavenananth.RESTAPiTest@20f5239f]" started-at="2021-12-11T09:46:42 IST" name="postjira" finished-at="2021-12-11T09:46:42 IST" duration-ms="0" status="PASS">
          <reporter-output>
          </reporter-output>
        </test-method> <!-- postjira -->
      </class> <!-- mavenananth.RESTAPiTest -->
      <class name="mavenananth.AppiumTest">
        <test-method signature="NativeAppAndroid()[pri:0, instance:mavenananth.AppiumTest@759d26fb]" started-at="2021-12-11T09:46:42 IST" name="NativeAppAndroid" finished-at="2021-12-11T09:46:42 IST" duration-ms="0" status="PASS">
          <reporter-output>
          </reporter-output>
        </test-method> <!-- NativeAppAndroid -->
        <test-method signature="IOSApps()[pri:0, instance:mavenananth.AppiumTest@759d26fb]" started-at="2021-12-11T09:46:42 IST" name="IOSApps" finished-at="2021-12-11T09:46:42 IST" duration-ms="0" status="PASS">
          <reporter-output>
          </reporter-output>
        </test-method> <!-- IOSApps -->
      </class> <!-- mavenananth.AppiumTest -->
    </test> <!-- Test -->
  </suite> <!-- Suite -->
</testng-results>
